  imgui.cpp
  imgui_demo.cpp
  imgui_draw.cpp
  imgui_impl_glfw.cpp
  imgui_impl_opengl3.cpp
  imgui_tables.cpp
  imgui_widgets.cpp
  camera.cpp
C:\Users\Eduard Holonko\source\repos\OpenGL\source\camera.cpp(23,20): warning C4244: 'initializing': conversion from 'double' to 'float', possible loss of data
C:\Users\Eduard Holonko\source\repos\OpenGL\source\camera.cpp(24,20): warning C4244: 'initializing': conversion from 'double' to 'float', possible loss of data
C:\Users\Eduard Holonko\source\repos\OpenGL\source\camera.cpp(35,14): warning C4244: 'initializing': conversion from 'double' to 'float', possible loss of data
C:\Users\Eduard Holonko\source\repos\OpenGL\source\camera.cpp(36,14): warning C4244: 'initializing': conversion from 'double' to 'float', possible loss of data
  framebuffer.cpp
  Main.cpp
C:\Users\Eduard Holonko\source\repos\OpenGL\source\Main.cpp(142,42): warning C4244: 'argument': conversion from 'int' to 'float', possible loss of data
C:\Users\Eduard Holonko\source\repos\OpenGL\source\Main.cpp(142,35): warning C4244: 'argument': conversion from 'int' to 'float', possible loss of data
C:\Users\Eduard Holonko\source\repos\OpenGL\source\Main.cpp(143,36): warning C4244: 'argument': conversion from 'int' to 'float', possible loss of data
C:\Users\Eduard Holonko\source\repos\OpenGL\source\Main.cpp(144,50): warning C4244: 'argument': conversion from 'double' to 'float', possible loss of data
C:\Users\Eduard Holonko\source\repos\OpenGL\source\Main.cpp(144,39): warning C4244: 'argument': conversion from 'double' to 'float', possible loss of data
C:\Users\Eduard Holonko\source\repos\OpenGL\source\Main.cpp(145,50): warning C4244: 'argument': conversion from 'double' to 'float', possible loss of data
C:\Users\Eduard Holonko\source\repos\OpenGL\source\Main.cpp(145,39): warning C4244: 'argument': conversion from 'double' to 'float', possible loss of data
C:\Users\Eduard Holonko\source\repos\OpenGL\source\Main.cpp(150,46): warning C4244: 'argument': conversion from 'int' to 'float', possible loss of data
C:\Users\Eduard Holonko\source\repos\OpenGL\source\Main.cpp(151,48): warning C4244: 'argument': conversion from 'int' to 'float', possible loss of data
C:\Users\Eduard Holonko\source\repos\OpenGL\source\Main.cpp(154,46): warning C4244: 'argument': conversion from 'int' to 'float', possible loss of data
C:\Users\Eduard Holonko\source\repos\OpenGL\source\Main.cpp(155,48): warning C4244: 'argument': conversion from 'int' to 'float', possible loss of data
C:\Users\Eduard Holonko\source\repos\OpenGL\source\Main.cpp(212,46): warning C4244: 'argument': conversion from 'int' to 'float', possible loss of data
C:\Users\Eduard Holonko\source\repos\OpenGL\source\Main.cpp(212,39): warning C4244: 'argument': conversion from 'int' to 'float', possible loss of data
C:\Users\Eduard Holonko\source\repos\OpenGL\source\Main.cpp(225,42): warning C4244: 'argument': conversion from 'int' to 'float', possible loss of data
C:\Users\Eduard Holonko\source\repos\OpenGL\source\Main.cpp(225,35): warning C4244: 'argument': conversion from 'int' to 'float', possible loss of data
C:\Users\Eduard Holonko\source\repos\OpenGL\source\Main.cpp(307,42): warning C4267: 'initializing': conversion from 'size_t' to 'int', possible loss of data
C:\Users\Eduard Holonko\source\repos\OpenGL\source\Main.cpp(307,26): warning C4267: 'initializing': conversion from 'size_t' to 'const int', possible loss of data
  mygui.cpp
C:\Users\Eduard Holonko\source\repos\OpenGL\source\mygui.cpp(74,20): warning C4244: '=': conversion from 'double' to 'int', possible loss of data
C:\Users\Eduard Holonko\source\repos\OpenGL\source\mygui.cpp(273,37): warning C4305: 'argument': truncation from 'double' to 'float'
  object.cpp
  scene.cpp
  shader.cpp
  skybox.cpp
  stb.cpp
  texture.cpp
  vao.cpp
  glad.c
LINK : warning LNK4098: defaultlib 'MSVCRTD' conflicts with use of other libs; use /NODEFAULTLIB:library
  Generating code
  Previous IPDB not found, fall back to full compilation.
  All 3032 functions were compiled because no usable IPDB/IOBJ from previous compilation was found.
  Finished generating code
  OpenGL.vcxproj -> C:\Users\Eduard Holonko\source\repos\OpenGL\x64\Release\OpenGL.exe
